<?xml version="1.0" encoding="UTF-8"?>
<testng-results ignored="0" total="1" passed="1" failed="0" skipped="0">
  <reporter-output>
  </reporter-output>
  <suite started-at="2024-12-16T10:59:39 IST" name="Suite" finished-at="2024-12-16T11:00:48 IST" duration-ms="69118">
    <groups>
    </groups>
    <test started-at="2024-12-16T10:59:39 IST" name="Test" finished-at="2024-12-16T11:00:48 IST" duration-ms="69118">
      <class name="Test_Cases.Forgot_Password">
        <test-method is-config="true" signature="openapplication(java.lang.String,java.lang.String)[pri:0, instance:Test_Cases.Forgot_Password@7a5ceedd]" started-at="2024-12-16T10:59:39 IST" name="openapplication" finished-at="2024-12-16T10:59:58 IST" duration-ms="19443" status="PASS">
          <params>
            <param index="0">
              <value>
                <![CDATA[edge]]>
              </value>
            </param>
            <param index="1">
              <value>
                <![CDATA[https://employee.w3softech.in/qa/login]]>
              </value>
            </param>
          </params>
          <reporter-output>
          </reporter-output>
        </test-method> <!-- openapplication -->
        <test-method signature="Forgot()[pri:0, instance:Test_Cases.Forgot_Password@7a5ceedd]" started-at="2024-12-16T10:59:58 IST" name="Forgot" finished-at="2024-12-16T11:00:48 IST" duration-ms="49300" status="PASS">
          <reporter-output>
          </reporter-output>
        </test-method> <!-- Forgot -->
        <test-method is-config="true" signature="closeapplication()[pri:0, instance:Test_Cases.Forgot_Password@7a5ceedd]" started-at="2024-12-16T11:00:48 IST" name="closeapplication" finished-at="2024-12-16T11:00:48 IST" duration-ms="276" status="PASS">
          <reporter-output>
          </reporter-output>
        </test-method> <!-- closeapplication -->
      </class> <!-- Test_Cases.Forgot_Password -->
    </test> <!-- Test -->
  </suite> <!-- Suite -->
</testng-results>
